<?xml version="1.0" encoding="UTF-8"?>
<testsuite name="co.konecta.sura.api.runner.PrincipalRunner" tests="0" skipped="0" failures="0" errors="0" timestamp="1970-01-01T00:00:00" hostname="SERGIO" time="0.0">
  <properties/>
  <system-out><![CDATA[
1 Scenarios (1 passed)
13 Steps (13 passed)
0m12,958s


]]></system-out>
  <system-err><![CDATA[[Test worker] INFO io.cucumber.core.plugin.SerenityReporter - Running feature from file:///C:/Users/Sergio/Documents/Sura_Apis/src/test/resources/features/CambioDeEstados.feature
[Test worker] INFO net.thucydides.core.steps.StepEventBus - Loading JUnit Platform configuration parameters from classpath resource [junit-platform.properties].
[Test worker] INFO  - ?[96m

-------------------------------------------------------------------------------------
     _______. _______ .______       _______ .__   __.  __  .___________.____    ____ 
    /       ||   ____||   _  \     |   ____||  \ |  | |  | |           |\   \  /   / 
   |   (----`|  |__   |  |_)  |    |  |__   |   \|  | |  | `---|  |----` \   \/   /  
    \   \    |   __|  |      /     |   __|  |  . `  | |  |     |  |       \_    _/   
.----)   |   |  |____ |  |\  \----.|  |____ |  |\   | |  |     |  |         |  |     
|_______/    |_______|| _| `._____||_______||__| \__| |__|     |__|         |__|    
                                                                                     
 News and tutorials at http://www.serenity-bdd.info                                  
 Documentation at https://wakaleo.gitbooks.io/the-serenity-book/content/             
 Join the Serenity Community on Gitter: https://gitter.im/serenity-bdd/serenity-core 
 Serenity BDD Support and Training at http://serenity-bdd.info/#/trainingandsupport  
-------------------------------------------------------------------------------------
?[0m
[Test worker] INFO  - Test Suite Started: hacer cambios de estados de los expedientes
[Test worker] INFO io.cucumber.core.plugin.SerenityReporter - Running feature from file:///C:/Users/Sergio/Documents/Sura_Apis/src/test/resources/features/Caso.feature
[Test worker] INFO  - Test Suite Started: Creacion de Expediente
[Test worker] INFO io.cucumber.core.plugin.SerenityReporter - Running feature from file:///C:/Users/Sergio/Documents/Sura_Apis/src/test/resources/features/CierreTareaProactive.feature
[Test worker] INFO  - Test Suite Started: poder hacer cierre de tareas de monitoreo
[Test worker] INFO io.cucumber.core.plugin.SerenityReporter - Running feature from file:///C:/Users/Sergio/Documents/Sura_Apis/src/test/resources/features/EstadoDeReclamaciones.feature
[Test worker] INFO  - Test Suite Started: Modulo de estado de reclamaciones
[Test worker] INFO io.cucumber.core.plugin.SerenityReporter - Running feature from file:///C:/Users/Sergio/Documents/Sura_Apis/src/test/resources/features/LoginSara.feature
[Test worker] INFO  - Test Suite Started: Poder loguarse en sara y generar el token
[Test worker] INFO io.cucumber.core.plugin.SerenityReporter - Running feature from file:///C:/Users/Sergio/Documents/Sura_Apis/src/test/resources/features/ParametrizacionAsginacion.feature
[Test worker] INFO  - Test Suite Started: Parametrizacion de asignacion
[Test worker] INFO io.cucumber.core.plugin.SerenityReporter - Running feature from file:///C:/Users/Sergio/Documents/Sura_Apis/src/test/resources/features/ParametrizacionBotMonitoreo.feature
[Test worker] INFO  - Test Suite Started: Parametrizacion de bot de monitoreo
[Test worker] INFO io.cucumber.core.plugin.SerenityReporter - Running feature from file:///C:/Users/Sergio/Documents/Sura_Apis/src/test/resources/features/ParametrizacionBotOfertamiento.feature
[Test worker] INFO  - Test Suite Started: Parametrizacion Bot de ofertamiento Creacion y edicion
[Test worker] INFO io.cucumber.core.plugin.SerenityReporter - Running feature from file:///C:/Users/Sergio/Documents/Sura_Apis/src/test/resources/features/ParametrizacionCalculoTiempoMonitoreoSitio.feature
[Test worker] INFO  - Test Suite Started: Calculo de tiempo monitoreo en sitio
[Test worker] INFO io.cucumber.core.plugin.SerenityReporter - Running feature from file:///C:/Users/Sergio/Documents/Sura_Apis/src/test/resources/features/ParametrizacionCierreExpediente.feature
[Test worker] INFO  - Test Suite Started: feature de parametrizacion cierre de expediente
[Test worker] INFO io.cucumber.core.plugin.SerenityReporter - Running feature from file:///C:/Users/Sergio/Documents/Sura_Apis/src/test/resources/features/ParametrizacionDestinatariosAlerta.feature
[Test worker] INFO  - Test Suite Started: Parametrizacion de destinatarios de alertas
[Test worker] INFO io.cucumber.core.plugin.SerenityReporter - Running feature from file:///C:/Users/Sergio/Documents/Sura_Apis/src/test/resources/features/ParametrizacionIndicativosDeMarcacion.feature
[Test worker] INFO  - Test Suite Started: Parametrizacion de Indicativos de Marcacion
[Test worker] INFO io.cucumber.core.plugin.SerenityReporter - Running feature from file:///C:/Users/Sergio/Documents/Sura_Apis/src/test/resources/features/ParametrizacionMotivosDeLlamadas.feature
[Test worker] INFO  - Test Suite Started: Parametrizacion Motivos de llamadas
[Test worker] INFO io.cucumber.core.plugin.SerenityReporter - Running feature from file:///C:/Users/Sergio/Documents/Sura_Apis/src/test/resources/features/ParametrizacionNotificacionesPush.feature
[Test worker] INFO  - Test Suite Started: Parametrizacion notificaciones push
[Test worker] INFO io.cucumber.core.plugin.SerenityReporter - Running feature from file:///C:/Users/Sergio/Documents/Sura_Apis/src/test/resources/features/ParametrizacionRamos.feature
[Test worker] INFO  - Test Suite Started: Creacion una parametrizacion de ramos
[Test worker] INFO io.cucumber.core.plugin.SerenityReporter - Running feature from file:///C:/Users/Sergio/Documents/Sura_Apis/src/test/resources/features/ParametrizacionTiemposAlertas.feature
[Test worker] INFO  - Test Suite Started: Parametrizacion de tiempos de alertas
[Test worker] INFO io.cucumber.core.plugin.SerenityReporter - Running feature from file:///C:/Users/Sergio/Documents/Sura_Apis/src/test/resources/features/Pruebas.feature
[Test worker] INFO  - Test Suite Started: feature de prueba
[Test worker] INFO io.cucumber.core.plugin.SerenityReporter - Running feature from file:///C:/Users/Sergio/Documents/Sura_Apis/src/test/resources/features/Reportes.feature
[Test worker] INFO  - Test Suite Started: Poder loguarse en sara y generar el token
[Test worker] INFO io.cucumber.core.plugin.SerenityReporter - Running feature from file:///C:/Users/Sergio/Documents/Sura_Apis/src/test/resources/features/SubModuloGestionProveedores.feature
[Test worker] INFO  - Test Suite Started: Poder gestionar los roveedores en los expedientes
[Test worker] INFO io.cucumber.core.plugin.SerenityReporter - Running feature from file:///C:/Users/Sergio/Documents/Sura_Apis/src/test/resources/features/loginProective.feature
[Test worker] INFO  - Test Suite Started: inicio de sesion  de usuario
[Test worker] INFO io.cucumber.core.plugin.SerenityReporter - Running feature from file:///C:/Users/Sergio/Documents/Sura_Apis/src/test/resources/features/Caso.feature
[Test worker] INFO  - Test Suite Started: Creacion de Expediente
[pool-2-thread-1] INFO serenity.reporting - 
---------------------------------------
| TEST NAME:   ?[1mCreacion Exitosa de Caso?[0m
| RESULT:      ?[92mPassing?[0m
| REQUIREMENT: Creacion de Expediente
| REPORT:      ?[96mfile:///C:/Users/Sergio/Documents/Sura_Apis/target/site/serenity/2bb93c46eecf5057e2c183f923cd08d33e3f7be8bcb7a34e4002de37151bbcf1.html?[0m
---------------------------------------
????????????????????????????????????????????????????????????????????????????
? View your Cucumber Report at:                                            ?
? https://reports.cucumber.io/reports/300df9e6-506e-415c-8bbe-1f8957026b4b ?
?                                                                          ?
? This report will self-destruct in 24h.                                   ?
? Keep reports forever: https://reports.cucumber.io/profile                ?
????????????????????????????????????????????????????????????????????????????]]></system-err>
</testsuite>
