<?xml version="1.0" encoding="UTF-8"?>
<testsuite name="Poder loguarse en sara y generar el token" tests="1" skipped="0" failures="0" errors="0" timestamp="2022-10-07T20:55:48" hostname="SERGIO" time="3.762">
  <properties/>
  <testcase name="Login Exitoso" classname="Poder loguarse en sara y generar el token" time="3.762"/>
  <system-out><![CDATA[Request method:	POST
Request URI:	https://saralabs.grupokonecta.co:8591/api/auth/login
Proxy:			<none>
Request params:	<none>
Query params:	<none>
Form params:	<none>
Path params:	<none>
Headers:		Accept=*/*
				Content-Type=application/json
Cookies:		<none>
Multiparts:		<none>
Body:
{
    "password": "Colombia_2025",
    "provider": 0,
    "survey": 5,
    "surveyJustification": "",
    "username": "sergio.anaya"
}
HTTP/1.1 200 OK
Server: nginx
Content-Type: application/json
Transfer-Encoding: chunked
Connection: keep-alive
Cache-Control: max-age=0, must-revalidate, no-cache, no-store, post-check=0, pre-check=0, private
Date: Fri, 07 Oct 2022 20:55:51 GMT
X-RateLimit-Limit: 6000
X-RateLimit-Remaining: 5998
Feature-Policy: accelerometer 'self'; ambient-light-sensor 'self'; autoplay 'self'; battery 'self'; camera 'self'; display-capture 'self'; document-domain *; encrypted-media 'self'; execution-while-not-rendered *; execution-while-out-of-viewport *; fullscreen 'self'; geolocation 'self'; gyroscope 'self'; layout-animations 'self'; legacy-image-formats 'self'; magnetometer 'self'; microphone 'self'; midi 'self'; navigation-override 'self'; oversized-images *; payment 'self'; picture-in-picture *; publickey-credentials 'self'; sync-xhr *; unoptimized-images 'self'; unsized-media *; usb 'self'; wake-lock 'self'; xr-spatial-tracking 'self'
Strict-Transport-Security: max-age=31536000; includeSubDomains; preload;
X-Content-Type-Options: nosniff
X-Download-Options: noopen
X-Frame-Options: sameorigin
X-Permitted-Cross-Domain-Policies: none
X-XSS-Protection: 1; mode=block
Referrer-Policy: no-referrer
Access-Control-Allow-Origin: https://easylabs.grupokonecta.local:5443
Access-Control-Allow-Methods: GET, POST, PUT, DELETE
Access-Control-Allow-Headers: X-Requested-With, Content-Type, X-Token-Auth, Authorization
Content-Security-Policy: default-src 'self'; script-src 'self' 'unsafe-inline' fonts.googleapis.com ssl.google-analytics.com; font-src 'self' fonts.gstatic.com; style-src 'self' 'unsafe-inline' fonts.googleapis.com; img-src 'self' ssl.google-analytics.com;
Pragma: no-cache
Access-Control-Max-Age: 2000
Content-Security-Policy: frame-ancestors 'self' *.ivinex.com
X-Content-Type-Options: nosniff
X-XSS-Protection: 1; mode = block
Cache-Control: private, no-cache, no-store, max-age=0, must-revalidate, post-check=0, pre-check=0
Pragma: no-cache
X-Content-Type-Options: nosniff

{
    "status": true,
    "data": [
        "eyJ0eXAiOiJKV1QiLCJhbGciOiJIUzI1NiJ9.eyJpYXQiOjE2NjUxNzYxNTEsImV4cCI6MTY2NTIxMjE1MSwiZGF0YSI6eyJuYW1lIjoiU2VyZ2lvIEx1aXMgQW5heWEgUm9tZXJvIiwiaWQiOiJiMjg4ZTZlZS05MmU1LTMwNDQtOTYwZC0wNTg3OGViMzEwM2MiLCJuZXdJZCI6MzM1MywiaXNfYWRtaW4iOjAsInN0YXR1cyI6IkFjdGl2ZSIsInJvbGUiOnsicm9sZV9pZCI6bnVsbCwicm9sZV9uYW1lIjpudWxsLCJuZXdfcm9sZV9pZCI6MjAwLCJuZXdfcm9sZV9uYW1lIjoiQWRtaW4gQmFja2xvZyJ9LCJpcF9zZXJ2ZXIiOiIxNzIuMjMuMS4xMTUiLCJpcF91c2VyIjoiMTgxLjUyLjY0LjIxOSIsImxlZ2FsTW9kdWxlQWNjZXNzIjowfX0.WC1UVDNNeZuedND7caJb7ticHAJ73qWGStVodkNZ838"
    ],
    "message": "Registros listados correctamente"
}
]]></system-out>
  <system-err><![CDATA[[Test worker] INFO io.cucumber.core.plugin.SerenityReporter - Running feature from file:///C:/Users/Sergio/Documents/Sura_Apis/src/test/resources/features/LoginSara.feature
[Test worker] INFO  - 
  _____   ___   ___   _____     ___   _____     _     ___   _____   ___   ___  
 |_   _| | __| / __| |_   _|   / __| |_   _|   /_\   | _ \ |_   _| | __| |   \ 
   | |   | _|  \__ \   | |     \__ \   | |    / _ \  |   /   | |   | _|  | |) |
   |_|   |___| |___/   |_|     |___/   |_|   /_/ \_\ |_|_\   |_|   |___| |___/ 

Login Exitoso(poder-loguarse-en-sara-y-generar-el-token;login-exitoso)
--------------------------------------------------------------------------------
[Test worker] INFO  - 
  _____   ___   ___   _____     ___     _     ___   ___   ___   ___  
 |_   _| | __| / __| |_   _|   | _ \   /_\   / __| / __| | __| |   \ 
   | |   | _|  \__ \   | |     |  _/  / _ \  \__ \ \__ \ | _|  | |) |
   |_|   |___| |___/   |_|     |_|   /_/ \_\ |___/ |___/ |___| |___/ 

Login Exitoso
----------------------------------------------------------------------
]]></system-err>
</testsuite>
