<?xml version="1.0" encoding="UTF-8"?>
<testsuite name="co.konecta.sura.api.runner.PrincipalRunner" tests="0" skipped="0" failures="0" errors="0" timestamp="1970-01-01T00:00:00" hostname="SERGIO" time="0.0">
  <properties/>
  <system-out><![CDATA[]]></system-out>
  <system-err><![CDATA[[Test worker] INFO io.cucumber.core.plugin.SerenityReporter - Running feature from file:///C:/Users/Sergio/Documents/Sura_Apis/src/test/resources/features/CambioDeEstados.feature
[Test worker] INFO  - 

-------------------------------------------------------------------------------------
     _______. _______ .______       _______ .__   __.  __  .___________.____    ____ 
    /       ||   ____||   _  \     |   ____||  \ |  | |  | |           |\   \  /   / 
   |   (----`|  |__   |  |_)  |    |  |__   |   \|  | |  | `---|  |----` \   \/   /  
    \   \    |   __|  |      /     |   __|  |  . `  | |  |     |  |       \_    _/   
.----)   |   |  |____ |  |\  \----.|  |____ |  |\   | |  |     |  |         |  |     
|_______/    |_______|| _| `._____||_______||__| \__| |__|     |__|         |__|    
                                                                                     
 News and tutorials at http://www.serenity-bdd.info                                  
 Documentation at https://wakaleo.gitbooks.io/the-serenity-book/content/             
 Join the Serenity Community on Gitter: https://gitter.im/serenity-bdd/serenity-core 
 Serenity BDD Support and Training at http://serenity-bdd.info/#/trainingandsupport  
-------------------------------------------------------------------------------------

[Test worker] INFO  - Test Suite Started: hacer cambios de estados de los expedientes
[Test worker] INFO io.cucumber.core.plugin.SerenityReporter - Running feature from file:///C:/Users/Sergio/Documents/Sura_Apis/src/test/resources/features/Caso.feature
[Test worker] INFO  - Test Suite Started: Creacion de Expediente
[Test worker] INFO io.cucumber.core.plugin.SerenityReporter - Running feature from file:///C:/Users/Sergio/Documents/Sura_Apis/src/test/resources/features/CierreTareaProactive.feature
[Test worker] INFO  - Test Suite Started: poder hacer cierre de tareas de monitoreo
[Test worker] INFO io.cucumber.core.plugin.SerenityReporter - Running feature from file:///C:/Users/Sergio/Documents/Sura_Apis/src/test/resources/features/LoginSara.feature
[Test worker] INFO  - Test Suite Started: Poder loguarse en sara y generar el token
[Test worker] INFO io.cucumber.core.plugin.SerenityReporter - Running feature from file:///C:/Users/Sergio/Documents/Sura_Apis/src/test/resources/features/ParametrizacionBotMonitoreo.feature
[Test worker] INFO  - Test Suite Started: Parametrizacion de bot de monitoreo
[Test worker] INFO io.cucumber.core.plugin.SerenityReporter - Running feature from file:///C:/Users/Sergio/Documents/Sura_Apis/src/test/resources/features/ParametrizacionDestinatariosAlerta.feature
[Test worker] INFO  - Test Suite Started: Parametrizacion de destinatarios de alertas
[Test worker] INFO io.cucumber.core.plugin.SerenityReporter - Running feature from file:///C:/Users/Sergio/Documents/Sura_Apis/src/test/resources/features/ParametrizacionIndicativosDeMarcacion.feature
[Test worker] INFO  - Test Suite Started: Parametrizacion de Indicativos de Marcacion
[Test worker] INFO io.cucumber.core.plugin.SerenityReporter - Running feature from file:///C:/Users/Sergio/Documents/Sura_Apis/src/test/resources/features/ParametrizacionNotificacionesPush.feature
[Test worker] INFO  - Test Suite Started: Parametrizacion notificaciones push
[Test worker] INFO io.cucumber.core.plugin.SerenityReporter - Running feature from file:///C:/Users/Sergio/Documents/Sura_Apis/src/test/resources/features/ParametrizacionRamos.feature
[Test worker] INFO  - Test Suite Started: Creacion una parametrizacion de ramos
[Test worker] INFO io.cucumber.core.plugin.SerenityReporter - Running feature from file:///C:/Users/Sergio/Documents/Sura_Apis/src/test/resources/features/ParametrizacionTiemposAlertas.feature
[Test worker] INFO  - Test Suite Started: Parametrizacion de tiempos de alertas
[Test worker] INFO io.cucumber.core.plugin.SerenityReporter - Running feature from file:///C:/Users/Sergio/Documents/Sura_Apis/src/test/resources/features/Reportes.feature
[Test worker] INFO  - Test Suite Started: Poder loguarse en sara y generar el token
[Test worker] INFO io.cucumber.core.plugin.SerenityReporter - Running feature from file:///C:/Users/Sergio/Documents/Sura_Apis/src/test/resources/features/SubModuloGestionProveedores.feature
[Test worker] INFO  - Test Suite Started: Poder gestionar los roveedores en los expedientes
[Test worker] INFO io.cucumber.core.plugin.SerenityReporter - Running feature from file:///C:/Users/Sergio/Documents/Sura_Apis/src/test/resources/features/loginProective.feature
[Test worker] INFO  - Test Suite Started: inicio de sesion  de usuario
[Test worker] INFO io.cucumber.core.plugin.SerenityReporter - Running feature from file:///C:/Users/Sergio/Documents/Sura_Apis/src/test/resources/features/ParametrizacionNotificacionesPush.feature
[Test worker] INFO  - Test Suite Started: Parametrizacion notificaciones push
?????????????????????????????????????????????????????????????????????????????????????
? Share your Cucumber Report with your team at https://reports.cucumber.io          ?
? Activate publishing with one of the following:                                    ?
?                                                                                   ?
? src/test/resources/cucumber.properties:          cucumber.publish.enabled=true    ?
? src/test/resources/junit-platform.properties:    cucumber.publish.enabled=true    ?
? Environment variable:                            CUCUMBER_PUBLISH_ENABLED=true    ?
? JUnit:                                           @CucumberOptions(publish = true) ?
?                                                                                   ?
? More information at https://cucumber.io/docs/cucumber/environment-variables/      ?
?                                                                                   ?
? Disable this message with one of the following:                                   ?
?                                                                                   ?
? src/test/resources/cucumber.properties:          cucumber.publish.quiet=true      ?
? src/test/resources/junit-platform.properties:    cucumber.publish.quiet=true      ?
?????????????????????????????????????????????????????????????????????????????????????
]]></system-err>
</testsuite>
